MPASM  5.42                         PROG2.ASM   3-10-2012  18:54:32         PAGE  1


LOC  OBJECT CODE     LINE SOURCE TEXT
  VALUE

                      00001         LIST p=16f877a ; Include file, change directory if needed
                      00002         INCLUDE "p16f877a.inc"
                      00001         LIST
                      00002 
                      00003 ;==========================================================================
                      00004 ;  MPASM PIC16F877A processor include
                      00005 ; 
                      00006 ;  (c) Copyright 1999-2011 Microchip Technology, All rights reserved
                      00007 ;==========================================================================
                      00008 
                      00555         LIST
                      00003 
                      00004         CBLOCK 0x20
  00000020            00005         length
  00000021            00006         length2
  00000022            00007         sleep_1
  00000023            00008         sleep_2
                      00009         ENDC
                      00010 
0000                  00011         ORG 0x000 ; start at the reset vector
0000   0000           00012         nop
                      00013 
0001   2818           00014         GOTO main ; start the program
                      00015 
0002                  00016 wait
0002                  00017 wloop
0002   0000           00018         NOP
0003   0000           00019         NOP
0004   0000           00020         NOP
0005   0BA3           00021         DECFSZ sleep_2, F
0006   2802           00022         GOTO wloop
0007   0008           00023         RETURN
                      00024 
0008                  00025 init
0008   1683 1303      00026         BANKSEL TRISA  ; BANK1
Message[302]: Register in operand not in bank 0.  Ensure that bank bits are correct.
000A   0185           00027         CLRF TRISA     ; set all bits on PORTA to output
Message[302]: Register in operand not in bank 0.  Ensure that bank bits are correct.
000B   0186           00028         CLRF TRISB     ; set all bits on PORTB to output
                      00029         ;;CLRF TRISC     ; set all bits on PORTC to output
000C   3010           00030         MOVLW b'00010000'
Message[302]: Register in operand not in bank 0.  Ensure that bank bits are correct.
000D   0087           00031         MOVWF TRISC
Message[302]: Register in operand not in bank 0.  Ensure that bank bits are correct.
000E   0188           00032         CLRF TRISD     ; set all bits on PORTD to output
Message[302]: Register in operand not in bank 0.  Ensure that bank bits are correct.
000F   0189           00033         CLRF TRISE     ; set all bits on PORTE to output
                      00034         
0010   1283 1303      00035         BANKSEL PORTA  ; BANK0
0012   0185           00036         CLRF PORTA
0013   0186           00037         CLRF PORTB
0014   0187           00038         CLRF PORTC
0015   0188           00039         CLRF PORTD
MPASM  5.42                         PROG2.ASM   3-10-2012  18:54:32         PAGE  2


LOC  OBJECT CODE     LINE SOURCE TEXT
  VALUE

0016   0189           00040         CLRF PORTE
0017   0008           00041         RETURN
                      00042         
0018                  00043 main
0018   2008           00044         CALL init
                      00045 
0019   1283 1303      00046         BANKSEL PORTA  ; BANK0
001B   3001           00047         MOVLW 0x01
001C   00A0           00048         MOVWF length
001D   30FE           00049         MOVLW 0xFE
001E   00A1           00050         MOVWF length2
                      00051 
001F                  00052 loop1
001F   0820           00053         MOVF length, W
0020   00A3           00054         MOVWF sleep_2
0021   3001           00055         MOVLW 0x01
0022   0085           00056         MOVWF PORTA
0023   2002           00057         CALL wait
0024   0AA0           00058         INCF length, F
                      00059 
0025   0821           00060         MOVF length2, W
0026   00A3           00061         MOVWF sleep_2
0027   3002           00062         MOVLW 0x02
0028   0085           00063         MOVWF PORTA
0029   2002           00064         CALL wait
                      00065 
002A   0BA1           00066         DECFSZ length2, F
002B   281F           00067         GOTO loop1
                      00068 
002C   3001           00069         MOVLW 0x01
002D   00A0           00070         MOVWF length
002E   30FE           00071         MOVLW 0xFE
002F   00A1           00072         MOVWF length2
                      00073 
0030                  00074 loop2
0030   0820           00075         MOVF length, W
0031   00A3           00076         MOVWF sleep_2
0032   3004           00077         MOVLW 0x04
0033   0085           00078         MOVWF PORTA
0034   2002           00079         CALL wait
0035   0AA0           00080         INCF length, F
                      00081 
0036   0821           00082         MOVF length2, W
0037   00A3           00083         MOVWF sleep_2
0038   3001           00084         MOVLW 0x01
0039   0085           00085         MOVWF PORTA
003A   2002           00086         CALL wait
                      00087 
003B   0BA1           00088         DECFSZ length2, F
003C   2830           00089         GOTO loop2
                      00090 
003D   3001           00091         MOVLW 0x01
003E   00A0           00092         MOVWF length
MPASM  5.42                         PROG2.ASM   3-10-2012  18:54:32         PAGE  3


LOC  OBJECT CODE     LINE SOURCE TEXT
  VALUE

003F   30FE           00093         MOVLW 0xFE
0040   00A1           00094         MOVWF length2
                      00095 
0041                  00096 loop3
0041   0820           00097         MOVF length, W
0042   00A3           00098         MOVWF sleep_2
0043   3002           00099         MOVLW 0x02
0044   0085           00100         MOVWF PORTA
0045   2002           00101         CALL wait
0046   0AA0           00102         INCF length, F
                      00103 
0047   0821           00104         MOVF length2, W
0048   00A3           00105         MOVWF sleep_2
0049   3004           00106         MOVLW 0x04
004A   0085           00107         MOVWF PORTA
004B   2002           00108         CALL wait
                      00109 
004C   0BA1           00110         DECFSZ length2, F
004D   2841           00111         GOTO loop3
                      00112 
004E   3001           00113         MOVLW 0x01
004F   00A0           00114         MOVWF length
0050   30FE           00115         MOVLW 0xFE
0051   00A1           00116         MOVWF length2
                      00117 
0052   281F           00118         GOTO loop1
                      00119 
                      00120         END
MPASM  5.42                         PROG2.ASM   3-10-2012  18:54:32         PAGE  4


SYMBOL TABLE
  LABEL                             VALUE 

ACKDT                             00000005
ACKEN                             00000004
ACKSTAT                           00000006
ADCON0                            0000001F
ADCON1                            0000009F
ADCS0                             00000006
ADCS1                             00000007
ADCS2                             00000006
ADDEN                             00000003
ADFM                              00000007
ADIE                              00000006
ADIF                              00000006
ADON                              00000000
ADRESH                            0000001E
ADRESL                            0000009E
BCLIE                             00000003
BCLIF                             00000003
BF                                00000000
BRGH                              00000002
C                                 00000000
C1INV                             00000004
C1OUT                             00000006
C2INV                             00000005
C2OUT                             00000007
CCP1CON                           00000017
CCP1IE                            00000002
CCP1IF                            00000002
CCP1M0                            00000000
CCP1M1                            00000001
CCP1M2                            00000002
CCP1M3                            00000003
CCP1X                             00000005
CCP1Y                             00000004
CCP2CON                           0000001D
CCP2IE                            00000000
CCP2IF                            00000000
CCP2M0                            00000000
CCP2M1                            00000001
CCP2M2                            00000002
CCP2M3                            00000003
CCP2X                             00000005
CCP2Y                             00000004
CCPR1                             00000015
CCPR1H                            00000016
CCPR1L                            00000015
CCPR2                             0000001B
CCPR2H                            0000001C
CCPR2L                            0000001B
CHS0                              00000003
CHS1                              00000004
CHS2                              00000005
CIS                               00000003
CKE                               00000006
MPASM  5.42                         PROG2.ASM   3-10-2012  18:54:32         PAGE  5


SYMBOL TABLE
  LABEL                             VALUE 

CKP                               00000004
CM0                               00000000
CM1                               00000001
CM2                               00000002
CMCON                             0000009C
CMIE                              00000006
CMIF                              00000006
CREN                              00000004
CSRC                              00000007
CVR0                              00000000
CVR1                              00000001
CVR2                              00000002
CVR3                              00000003
CVRCON                            0000009D
CVREN                             00000007
CVROE                             00000006
CVRR                              00000005
D                                 00000005
DATA_ADDRESS                      00000005
DC                                00000001
D_A                               00000005
D_NOT_A                           00000005
EEADR                             0000010D
EEADRH                            0000010F
EECON1                            0000018C
EECON2                            0000018D
EEDATA                            0000010C
EEDATH                            0000010E
EEIE                              00000004
EEIF                              00000004
EEPGD                             00000007
F                                 00000001
FERR                              00000002
FSR                               00000004
GCEN                              00000007
GIE                               00000007
GO                                00000002
GO_DONE                           00000002
GO_NOT_DONE                       00000002
I2C_DATA                          00000005
I2C_READ                          00000002
I2C_START                         00000003
I2C_STOP                          00000004
IBF                               00000007
IBOV                              00000005
INDF                              00000000
INTCON                            0000000B
INTE                              00000004
INTEDG                            00000006
INTF                              00000001
IRP                               00000007
NOT_A                             00000005
NOT_ADDRESS                       00000005
MPASM  5.42                         PROG2.ASM   3-10-2012  18:54:32         PAGE  6


SYMBOL TABLE
  LABEL                             VALUE 

NOT_BO                            00000000
NOT_BOR                           00000000
NOT_DONE                          00000002
NOT_PD                            00000003
NOT_POR                           00000001
NOT_RBPU                          00000007
NOT_RC8                           00000006
NOT_T1SYNC                        00000002
NOT_TO                            00000004
NOT_TX8                           00000006
NOT_W                             00000002
NOT_WRITE                         00000002
OBF                               00000006
OERR                              00000001
OPTION_REG                        00000081
P                                 00000004
PCFG0                             00000000
PCFG1                             00000001
PCFG2                             00000002
PCFG3                             00000003
PCL                               00000002
PCLATH                            0000000A
PCON                              0000008E
PEIE                              00000006
PEN                               00000002
PIE1                              0000008C
PIE2                              0000008D
PIR1                              0000000C
PIR2                              0000000D
PORTA                             00000005
PORTB                             00000006
PORTC                             00000007
PORTD                             00000008
PORTE                             00000009
PR2                               00000092
PS0                               00000000
PS1                               00000001
PS2                               00000002
PSA                               00000003
PSPIE                             00000007
PSPIF                             00000007
PSPMODE                           00000004
R                                 00000002
RA0                               00000000
RA1                               00000001
RA2                               00000002
RA3                               00000003
RA4                               00000004
RA5                               00000005
RB0                               00000000
RB1                               00000001
RB2                               00000002
RB3                               00000003
MPASM  5.42                         PROG2.ASM   3-10-2012  18:54:32         PAGE  7


SYMBOL TABLE
  LABEL                             VALUE 

RB4                               00000004
RB5                               00000005
RB6                               00000006
RB7                               00000007
RBIE                              00000003
RBIF                              00000000
RC0                               00000000
RC1                               00000001
RC2                               00000002
RC3                               00000003
RC4                               00000004
RC5                               00000005
RC6                               00000006
RC7                               00000007
RC8_9                             00000006
RC9                               00000006
RCD8                              00000000
RCEN                              00000003
RCIE                              00000005
RCIF                              00000005
RCREG                             0000001A
RCSTA                             00000018
RD                                00000000
RD0                               00000000
RD1                               00000001
RD2                               00000002
RD3                               00000003
RD4                               00000004
RD5                               00000005
RD6                               00000006
RD7                               00000007
RE0                               00000000
RE1                               00000001
RE2                               00000002
READ_WRITE                        00000002
RP0                               00000005
RP1                               00000006
RSEN                              00000001
RX9                               00000006
RX9D                              00000000
R_NOT_W                           00000002
R_W                               00000002
S                                 00000003
SEN                               00000000
SMP                               00000007
SPBRG                             00000099
SPEN                              00000007
SREN                              00000005
SSPADD                            00000093
SSPBUF                            00000013
SSPCON                            00000014
SSPCON2                           00000091
SSPEN                             00000005
MPASM  5.42                         PROG2.ASM   3-10-2012  18:54:32         PAGE  8


SYMBOL TABLE
  LABEL                             VALUE 

SSPIE                             00000003
SSPIF                             00000003
SSPM0                             00000000
SSPM1                             00000001
SSPM2                             00000002
SSPM3                             00000003
SSPOV                             00000006
SSPSTAT                           00000094
STATUS                            00000003
SYNC                              00000004
T0CS                              00000005
T0IE                              00000005
T0IF                              00000002
T0SE                              00000004
T1CKPS0                           00000004
T1CKPS1                           00000005
T1CON                             00000010
T1INSYNC                          00000002
T1OSCEN                           00000003
T1SYNC                            00000002
T2CKPS0                           00000000
T2CKPS1                           00000001
T2CON                             00000012
TMR0                              00000001
TMR0IE                            00000005
TMR0IF                            00000002
TMR1CS                            00000001
TMR1H                             0000000F
TMR1IE                            00000000
TMR1IF                            00000000
TMR1L                             0000000E
TMR1ON                            00000000
TMR2                              00000011
TMR2IE                            00000001
TMR2IF                            00000001
TMR2ON                            00000002
TOUTPS0                           00000003
TOUTPS1                           00000004
TOUTPS2                           00000005
TOUTPS3                           00000006
TRISA                             00000085
TRISA0                            00000000
TRISA1                            00000001
TRISA2                            00000002
TRISA3                            00000003
TRISA4                            00000004
TRISA5                            00000005
TRISB                             00000086
TRISB0                            00000000
TRISB1                            00000001
TRISB2                            00000002
TRISB3                            00000003
TRISB4                            00000004
MPASM  5.42                         PROG2.ASM   3-10-2012  18:54:32         PAGE  9


SYMBOL TABLE
  LABEL                             VALUE 

TRISB5                            00000005
TRISB6                            00000006
TRISB7                            00000007
TRISC                             00000087
TRISC0                            00000000
TRISC1                            00000001
TRISC2                            00000002
TRISC3                            00000003
TRISC4                            00000004
TRISC5                            00000005
TRISC6                            00000006
TRISC7                            00000007
TRISD                             00000088
TRISD0                            00000000
TRISD1                            00000001
TRISD2                            00000002
TRISD3                            00000003
TRISD4                            00000004
TRISD5                            00000005
TRISD6                            00000006
TRISD7                            00000007
TRISE                             00000089
TRISE0                            00000000
TRISE1                            00000001
TRISE2                            00000002
TRMT                              00000001
TX8_9                             00000006
TX9                               00000006
TX9D                              00000000
TXD8                              00000000
TXEN                              00000005
TXIE                              00000004
TXIF                              00000004
TXREG                             00000019
TXSTA                             00000098
UA                                00000001
W                                 00000000
WCOL                              00000007
WR                                00000001
WREN                              00000002
WRERR                             00000003
Z                                 00000002
_BODEN_OFF                        00003FBF
_BODEN_ON                         00003FFF
_CONFIG                           00002007
_CPD_OFF                          00003FFF
_CPD_ON                           00003EFF
_CP_ALL                           00001FFF
_CP_OFF                           00003FFF
_DEBUG_OFF                        00003FFF
_DEBUG_ON                         000037FF
_DEVID1                           00002006
_HS_OSC                           00003FFE
MPASM  5.42                         PROG2.ASM   3-10-2012  18:54:32         PAGE 10


SYMBOL TABLE
  LABEL                             VALUE 

_IDLOC0                           00002000
_IDLOC1                           00002001
_IDLOC2                           00002002
_IDLOC3                           00002003
_LP_OSC                           00003FFC
_LVP_OFF                          00003F7F
_LVP_ON                           00003FFF
_PWRTE_OFF                        00003FFF
_PWRTE_ON                         00003FF7
_RC_OSC                           00003FFF
_WDT_OFF                          00003FFB
_WDT_ON                           00003FFF
_WRT_1FOURTH                      00003BFF
_WRT_256                          00003DFF
_WRT_HALF                         000039FF
_WRT_OFF                          00003FFF
_XT_OSC                           00003FFD
__16F877A                         00000001
init                              00000008
length                            00000020
length2                           00000021
loop1                             0000001F
loop2                             00000030
loop3                             00000041
main                              00000018
sleep_1                           00000022
sleep_2                           00000023
wait                              00000002
wloop                             00000002


MEMORY USAGE MAP ('X' = Used,  '-' = Unused)

0000 : XXXXXXXXXXXXXXXX XXXXXXXXXXXXXXXX XXXXXXXXXXXXXXXX XXXXXXXXXXXXXXXX
0040 : XXXXXXXXXXXXXXXX XXX------------- ---------------- ----------------

All other memory blocks unused.

Program Memory Words Used:    83
Program Memory Words Free:  8109


Errors   :     0
Warnings :     0 reported,     0 suppressed
Messages :     5 reported,     0 suppressed

